src/features/daily/hooks/orchestrators/useTableDailyRecordFiltering.ts(1,1): error TS1185: Merge conflict marker encountered.
src/features/daily/hooks/orchestrators/useTableDailyRecordFiltering.ts(5,1): error TS1185: Merge conflict marker encountered.
src/features/daily/hooks/orchestrators/useTableDailyRecordFiltering.ts(8,1): error TS1185: Merge conflict marker encountered.
src/features/daily/hooks/orchestrators/useTableDailyRecordFiltering.ts(30,1): error TS1185: Merge conflict marker encountered.
src/features/daily/hooks/orchestrators/useTableDailyRecordFiltering.ts(32,1): error TS1185: Merge conflict marker encountered.
src/features/daily/hooks/orchestrators/useTableDailyRecordFiltering.ts(33,1): error TS1185: Merge conflict marker encountered.
src/features/daily/hooks/orchestrators/useTableDailyRecordFiltering.ts(68,1): error TS1185: Merge conflict marker encountered.
src/features/daily/hooks/orchestrators/useTableDailyRecordFiltering.ts(71,1): error TS1185: Merge conflict marker encountered.
src/features/daily/hooks/orchestrators/useTableDailyRecordFiltering.ts(72,1): error TS1185: Merge conflict marker encountered.
src/features/daily/hooks/orchestrators/useTableDailyRecordFiltering.ts(85,1): error TS1185: Merge conflict marker encountered.
src/features/daily/hooks/orchestrators/useTableDailyRecordFiltering.ts(87,1): error TS1185: Merge conflict marker encountered.
src/features/daily/hooks/orchestrators/useTableDailyRecordFiltering.ts(91,1): error TS1185: Merge conflict marker encountered.
src/features/daily/hooks/orchestrators/useTableDailyRecordFiltering.ts(100,1): error TS1185: Merge conflict marker encountered.
src/features/daily/hooks/orchestrators/useTableDailyRecordFiltering.ts(104,1): error TS1185: Merge conflict marker encountered.
src/features/daily/hooks/orchestrators/useTableDailyRecordFiltering.ts(108,1): error TS1185: Merge conflict marker encountered.
src/features/daily/hooks/orchestrators/useTableDailyRecordFiltering.ts(128,1): error TS1185: Merge conflict marker encountered.
src/features/daily/hooks/orchestrators/useTableDailyRecordFiltering.ts(133,1): error TS1185: Merge conflict marker encountered.
src/features/daily/hooks/orchestrators/useTableDailyRecordFiltering.ts(138,1): error TS1185: Merge conflict marker encountered.
src/features/daily/hooks/view-models/useTableDailyRecordForm.ts(1,1): error TS1185: Merge conflict marker encountered.
src/features/daily/hooks/view-models/useTableDailyRecordForm.ts(4,1): error TS1185: Merge conflict marker encountered.
src/features/daily/hooks/view-models/useTableDailyRecordForm.ts(8,1): error TS1185: Merge conflict marker encountered.
src/features/schedules/components/dialogs/ScheduleDialogManager.tsx(18,1): error TS1185: Merge conflict marker encountered.
src/features/schedules/components/dialogs/ScheduleDialogManager.tsx(26,1): error TS1185: Merge conflict marker encountered.
src/features/schedules/components/dialogs/ScheduleDialogManager.tsx(34,1): error TS1185: Merge conflict marker encountered.
src/features/schedules/components/dialogs/UserStatusQuickDialog.tsx(41,1): error TS1185: Merge conflict marker encountered.
src/features/schedules/components/dialogs/UserStatusQuickDialog.tsx(46,1): error TS1185: Merge conflict marker encountered.
src/features/schedules/components/dialogs/UserStatusQuickDialog.tsx(51,1): error TS1185: Merge conflict marker encountered.
src/features/schedules/components/sections/ScheduleFilterBar.tsx(10,1): error TS1185: Merge conflict marker encountered.
src/features/schedules/components/sections/ScheduleFilterBar.tsx(13,1): error TS1185: Merge conflict marker encountered.
src/features/schedules/components/sections/ScheduleFilterBar.tsx(16,1): error TS1185: Merge conflict marker encountered.
src/features/schedules/hooks/legacy/useSchedules.ts(11,1): error TS1185: Merge conflict marker encountered.
src/features/schedules/hooks/legacy/useSchedules.ts(19,1): error TS1185: Merge conflict marker encountered.
src/features/schedules/hooks/legacy/useSchedules.ts(27,1): error TS1185: Merge conflict marker encountered.
src/features/schedules/hooks/orchestrators/useWeekPageOrchestrator.ts(19,1): error TS1185: Merge conflict marker encountered.
src/features/schedules/hooks/orchestrators/useWeekPageOrchestrator.ts(26,1): error TS1185: Merge conflict marker encountered.
src/features/schedules/hooks/orchestrators/useWeekPageOrchestrator.ts(33,1): error TS1185: Merge conflict marker encountered.
src/features/schedules/hooks/useUserStatusActions.ts(42,1): error TS1185: Merge conflict marker encountered.
src/features/schedules/hooks/useUserStatusActions.ts(45,1): error TS1185: Merge conflict marker encountered.
src/features/schedules/hooks/useUserStatusActions.ts(48,1): error TS1185: Merge conflict marker encountered.
