src/app/routes/lazyPages.tsx(22,54): error TS2307: Cannot find module '@/features/daily/table/TableDailyRecordPage' or its corresponding type declarations.
src/domain/bridge/__tests__/monitoringEvidence.spec.ts(13,36): error TS2307: Cannot find module '@/features/daily/domain/ProcedureRepository' or its corresponding type declarations.
src/domain/bridge/__tests__/monitoringEvidence.spec.ts(14,38): error TS2307: Cannot find module '@/features/daily/domain/executionRecordTypes' or its corresponding type declarations.
src/domain/bridge/monitoringEvidence.ts(17,36): error TS2307: Cannot find module '@/features/daily/domain/ProcedureRepository' or its corresponding type declarations.
src/domain/bridge/monitoringEvidence.ts(18,38): error TS2307: Cannot find module '@/features/daily/domain/executionRecordTypes' or its corresponding type declarations.
src/domain/bridge/monitoringEvidence.ts(19,32): error TS2307: Cannot find module '@/features/daily/domain/getScheduleKey' or its corresponding type declarations.
src/domain/isp/bridge/__tests__/resolveProcedureSteps.spec.ts(9,36): error TS2307: Cannot find module '@/features/daily/domain/ProcedureRepository' or its corresponding type declarations.
src/domain/isp/bridge/resolveProcedureSteps.ts(15,53): error TS2307: Cannot find module '@/features/daily/domain/ProcedureRepository' or its corresponding type declarations.
src/domain/isp/bridge/toDailyProcedureSteps.ts(15,36): error TS2307: Cannot find module '@/features/daily/domain/ProcedureRepository' or its corresponding type declarations.
src/domain/isp/bridge/toProcedureRecord.ts(21,36): error TS2307: Cannot find module '@/features/daily/domain/ProcedureRepository' or its corresponding type declarations.
src/domain/metrics/__tests__/knowledgeDataAdapter.spec.ts(8,39): error TS2307: Cannot find module '@/features/daily/domain/suggestionAction' or its corresponding type declarations.
src/domain/metrics/__tests__/pdcaCycleBuilder.spec.ts(6,39): error TS2307: Cannot find module '@/features/daily/domain/suggestionAction' or its corresponding type declarations.
src/domain/metrics/__tests__/proposalDecisionAdapter.spec.ts(6,39): error TS2307: Cannot find module '@/features/daily/domain/suggestionAction' or its corresponding type declarations.
src/domain/metrics/adapters/knowledgeDataAdapter.ts(20,39): error TS2307: Cannot find module '@/features/daily/domain/suggestionAction' or its corresponding type declarations.
src/domain/metrics/adapters/pdcaCycleBuilder.ts(18,39): error TS2307: Cannot find module '@/features/daily/domain/suggestionAction' or its corresponding type declarations.
src/domain/metrics/adapters/proposalDecisionAdapter.ts(25,39): error TS2307: Cannot find module '@/features/daily/domain/suggestionAction' or its corresponding type declarations.
src/features/action-engine/hooks/useAllCorrectiveActions.ts(17,39): error TS2307: Cannot find module '@/features/daily/infra/behaviorRepositoryFactory' or its corresponding type declarations.
src/features/daily/components/__tests__/ImportPlanningDialog.spec.tsx(9,36): error TS2307: Cannot find module '@/features/daily/domain/ProcedureRepository' or its corresponding type declarations.
src/features/daily/components/dialogs/TbsRecentRecordsDialog.tsx(16,41): error TS2307: Cannot find module '@/features/daily/components/AppliedStrategiesBadges' or its corresponding type declarations.
src/features/daily/components/procedure/ImportPlanningDialog.tsx(8,36): error TS2307: Cannot find module '@/features/daily/domain/ProcedureRepository' or its corresponding type declarations.
src/features/daily/components/procedure/ProcedureEditor.tsx(1,32): error TS2307: Cannot find module '@/features/daily/domain/toBipOptions' or its corresponding type declarations.
src/features/daily/components/procedure/ProcedureEditor.tsx(2,36): error TS2307: Cannot find module '@/features/daily/stores/procedureStore' or its corresponding type declarations.
src/features/daily/components/split-stream/__tests__/ExecutionToggle.spec.tsx(1,38): error TS2307: Cannot find module '@/features/daily/domain/executionRecordTypes' or its corresponding type declarations.
src/features/daily/components/split-stream/__tests__/ExecutionToggle.spec.tsx(2,30): error TS2307: Cannot find module '@/features/daily/stores/executionStore' or its corresponding type declarations.
src/features/daily/components/split-stream/PlanSlotSelector.tsx(7,32): error TS2307: Cannot find module '@/features/daily/domain/getScheduleKey' or its corresponding type declarations.
src/features/daily/components/split-stream/ProcedurePanel.tsx(5,32): error TS2307: Cannot find module '@/features/daily/domain/getScheduleKey' or its corresponding type declarations.
src/features/daily/components/split-stream/ProcedurePanel.tsx(24,38): error TS2307: Cannot find module '@/features/daily/domain/ProcedureRepository' or its corresponding type declarations.
src/features/daily/components/split-stream/RecentRecordsDialog.tsx(7,41): error TS2307: Cannot find module '@/features/daily/components/AppliedStrategiesBadges' or its corresponding type declarations.
src/features/daily/components/split-stream/RecordPanel.tsx(1,32): error TS2307: Cannot find module '@/features/daily/domain/getScheduleKey' or its corresponding type declarations.
src/features/daily/components/split-stream/SupportPageHeader.tsx(7,45): error TS2307: Cannot find module '@/features/daily/hooks/useDailySupportUserFilter' or its corresponding type declarations.
src/features/daily/components/time-flow/hooks/useTimeFlowState.ts(4,35): error TS2307: Cannot find module '@/features/daily/stores/procedureStore' or its corresponding type declarations.
src/features/daily/components/wizard/PlanSelectionStep.tsx(14,37): error TS2307: Cannot find module '@/features/daily/hooks/useLinkedStrategies' or its corresponding type declarations.
src/features/daily/components/wizard/PlanSelectionStep.tsx(19,40): error TS2307: Cannot find module '@/features/daily/components/MonitoringCountdown' or its corresponding type declarations.
src/features/daily/components/wizard/PlanSelectionStep.tsx(20,44): error TS2307: Cannot find module '@/features/daily/components/MonitoringCountdown' or its corresponding type declarations.
src/features/daily/components/wizard/PlanSelectionStep.tsx(22,32): error TS2307: Cannot find module '@/features/daily/domain/getScheduleKey' or its corresponding type declarations.
src/features/daily/components/wizard/RecordInputStep.tsx(15,32): error TS2307: Cannot find module '@/features/daily/domain/getScheduleKey' or its corresponding type declarations.
src/features/daily/components/wizard/RecordInputStep.tsx(16,37): error TS2307: Cannot find module '@/features/daily/hooks/useLinkedStrategies' or its corresponding type declarations.
src/features/daily/components/wizard/RecordInputStep.tsx(28,38): error TS2307: Cannot find module '@/features/daily/hooks/useDefaultStrategies' or its corresponding type declarations.
src/features/daily/components/wizard/StrategyChipBar.tsx(16,45): error TS2307: Cannot find module '@/features/daily/hooks/useLinkedStrategies' or its corresponding type declarations.
src/features/daily/components/wizard/StrategyReferenceAccordion.tsx(13,45): error TS2307: Cannot find module '@/features/daily/hooks/useLinkedStrategies' or its corresponding type declarations.
src/features/daily/components/wizard/StrategyReferenceAccordion.tsx(119,45): error TS7006: Parameter 'p' implicitly has an 'any' type.
src/features/daily/components/wizard/StrategyReferenceAccordion.tsx(119,48): error TS7006: Parameter 'i' implicitly has an 'any' type.
src/features/daily/components/wizard/StrategyReferenceAccordion.tsx(146,31): error TS7006: Parameter 'text' implicitly has an 'any' type.
src/features/daily/components/wizard/StrategyReferenceAccordion.tsx(146,37): error TS7006: Parameter 'i' implicitly has an 'any' type.
src/features/daily/components/wizard/UserSelectionStep.tsx(19,40): error TS2307: Cannot find module '@/features/daily/components/MonitoringCountdown' or its corresponding type declarations.
src/features/daily/components/wizard/UserSelectionStep.tsx(20,44): error TS2307: Cannot find module '@/features/daily/components/MonitoringCountdown' or its corresponding type declarations.
src/features/daily/components/wizard/UserSelectionStep.tsx(21,45): error TS2307: Cannot find module '@/features/daily/hooks/useDailySupportUserFilter' or its corresponding type declarations.
src/features/daily/domain/__tests__/generateDailyReport.spec.ts(2,38): error TS2307: Cannot find module '@/features/daily/domain/executionRecordTypes' or its corresponding type declarations.
src/features/daily/domain/__tests__/generateDailyReport.spec.ts(3,32): error TS2307: Cannot find module '@/features/daily/domain/getScheduleKey' or its corresponding type declarations.
src/features/daily/domain/__tests__/getScheduleKey.spec.ts(2,32): error TS2307: Cannot find module '@/features/daily/domain/getScheduleKey' or its corresponding type declarations.
src/features/daily/domain/validation/dailyRecordLogicLib.ts(1,15): error TS2307: Cannot find module '@/features/daily/domain/dailyRecordLogic' or its corresponding type declarations.
src/features/daily/hooks/__tests__/useTableDailyRecordFiltering.spec.ts(10,15): error TS2305: Module '"@/stores/useUsers"' has no exported member 'StoreUser'.
src/features/daily/hooks/legacy-stores/__tests__/executionStore.spec.ts(4,8): error TS2307: Cannot find module '@/features/daily/domain/executionRecordTypes' or its corresponding type declarations.
src/features/daily/hooks/legacy-stores/executionStore.ts(16,8): error TS2307: Cannot find module '@/features/daily/domain/executionRecordTypes' or its corresponding type declarations.
src/features/daily/hooks/legacy/useDefaultStrategies.ts(15,89): error TS2307: Cannot find module '@/features/daily/domain/deriveDefaultStrategies' or its corresponding type declarations.
src/features/daily/hooks/legacy/useDefaultStrategies.ts(16,39): error TS2307: Cannot find module '@/features/daily/infra/behaviorRepositoryFactory' or its corresponding type declarations.
src/features/daily/hooks/orchestrators/useTimeBasedSupportPage.ts(15,37): error TS2307: Cannot find module '@/features/daily/domain/generateDailyReport' or its corresponding type declarations.
src/features/daily/hooks/orchestrators/useTimeBasedSupportPage.ts(16,32): error TS2307: Cannot find module '@/features/daily/domain/getScheduleKey' or its corresponding type declarations.
src/features/daily/hooks/orchestrators/useTimeBasedSupportPage.ts(17,30): error TS2307: Cannot find module '@/features/daily/domain/toBipOptions' or its corresponding type declarations.
src/features/daily/hooks/orchestrators/useTimeBasedSupportPage.ts(18,33): error TS2307: Cannot find module '@/features/daily/hooks/useBehaviorData' or its corresponding type declarations.
src/features/daily/hooks/orchestrators/useTimeBasedSupportPage.ts(19,43): error TS2307: Cannot find module '@/features/daily/hooks/useDailySupportUserFilter' or its corresponding type declarations.
src/features/daily/hooks/orchestrators/useTimeBasedSupportPage.ts(20,34): error TS2307: Cannot find module '@/features/daily/hooks/useExecutionData' or its corresponding type declarations.
src/features/daily/hooks/orchestrators/useTimeBasedSupportPage.ts(21,34): error TS2307: Cannot find module '@/features/daily/hooks/useProcedureData' or its corresponding type declarations.
src/features/daily/hooks/orchestrators/useTimeBasedSupportPage.ts(22,36): error TS2307: Cannot find module '@/features/daily/stores/procedureStore' or its corresponding type declarations.
src/features/demo/DemoLoaderCard.tsx(8,35): error TS2307: Cannot find module '@/features/daily/stores/procedureStore' or its corresponding type declarations.
src/features/demo/loadMagicDemo.ts(13,60): error TS2307: Cannot find module '@/features/daily/domain/executionRecordTypes' or its corresponding type declarations.
src/features/demo/loadMagicDemo.ts(14,35): error TS2307: Cannot find module '@/features/daily/stores/behaviorStore' or its corresponding type declarations.
src/features/exceptions/hooks/__tests__/useExceptionDataSources.spec.tsx(5,42): error TS2307: Cannot find module '@/features/daily/repositoryFactory' or its corresponding type declarations.
src/features/exceptions/hooks/useExceptionDataSources.ts(18,42): error TS2307: Cannot find module '@/features/daily/repositoryFactory' or its corresponding type declarations.
src/features/exceptions/hooks/useExceptionDataSources.ts(19,38): error TS2307: Cannot find module '@/features/daily/domain/DailyRecordRepository' or its corresponding type declarations.
src/features/exceptions/hooks/useExceptionDataSources.ts(163,36): error TS7006: Parameter 'row' implicitly has an 'any' type.
src/features/ibd/analysis/pdca/queries/usePdcaCycleState.ts(23,8): error TS2307: Cannot find module '@/features/daily/domain/executionRecordTypes' or its corresponding type declarations.
src/features/ibd/analysis/pdca/queries/usePdcaCycleState.ts(24,32): error TS2307: Cannot find module '@/features/daily/domain/getScheduleKey' or its corresponding type declarations.
src/features/ibd/plans/support-plan/__tests__/monitoringEvidenceAdapter.spec.ts(1,23): error TS2307: Cannot find module '@/features/daily/infra/dailyTableRepository' or its corresponding type declarations.
src/features/ibd/plans/support-plan/monitoringEvidenceAdapter.ts(1,50): error TS2307: Cannot find module '@/features/daily/infra/dailyTableRepository' or its corresponding type declarations.
src/features/ibd/plans/support-plan/monitoringEvidenceAdapter.ts(2,38): error TS2307: Cannot find module '@/features/daily/infra/dailyTableRepository' or its corresponding type declarations.
src/features/ibd/plans/support-plan/monitoringEvidenceAdapter.ts(40,11): error TS7006: Parameter 'b' implicitly has an 'any' type.
src/features/ibd/plans/support-plan/monitoringEvidenceAdapter.ts(82,41): error TS7006: Parameter 'b' implicitly has an 'any' type.
src/features/import/hooks/useCSVImport.ts(12,35): error TS2307: Cannot find module '@/features/daily/stores/procedureStore' or its corresponding type declarations.
src/features/import/hooks/useUnifiedCSVImport.ts(12,35): error TS2307: Cannot find module '@/features/daily/stores/procedureStore' or its corresponding type declarations.
src/features/monitoring/domain/monitoringDailyAnalytics.spec.ts(10,39): error TS2307: Cannot find module '@/features/daily/infra/dailyTableRepository' or its corresponding type declarations.
src/features/monitoring/domain/monitoringDailyAnalytics.ts(20,8): error TS2307: Cannot find module '@/features/daily/infra/dailyTableRepository' or its corresponding type declarations.
src/features/monitoring/domain/monitoringDailyAnalytics.ts(22,103): error TS2307: Cannot find module '@/features/daily/domain/behaviorTag' or its corresponding type declarations.
src/features/monitoring/domain/monitoringDailyAnalytics.ts(188,21): error TS18048: 'count' is possibly 'undefined'.
src/features/monitoring/domain/monitoringDailyBehaviors.spec.ts(2,39): error TS2307: Cannot find module '@/features/daily/infra/dailyTableRepository' or its corresponding type declarations.
src/features/monitoring/domain/monitoringDailyBehaviors.ts(4,8): error TS2307: Cannot find module '@/features/daily/infra/dailyTableRepository' or its corresponding type declarations.
src/features/monitoring/domain/monitoringDailyPeriod.spec.ts(2,39): error TS2307: Cannot find module '@/features/daily/infra/dailyTableRepository' or its corresponding type declarations.
src/features/monitoring/domain/monitoringDailyPeriod.ts(1,39): error TS2307: Cannot find module '@/features/daily/infra/dailyTableRepository' or its corresponding type declarations.
src/features/monitoring/hooks/__tests__/useMeetingEvidenceDraft.spec.ts(17,50): error TS2307: Cannot find module '@/features/daily/infra/dailyTableRepository' or its corresponding type declarations.
src/features/monitoring/hooks/useMeetingEvidenceDraft.ts(22,38): error TS2307: Cannot find module '@/features/daily/infra/dailyTableRepository' or its corresponding type declarations.
src/features/monitoring/hooks/useMonitoringDailyAnalytics.ts(11,38): error TS2307: Cannot find module '@/features/daily/infra/dailyTableRepository' or its corresponding type declarations.
src/features/operationFlow/__tests__/settingsToUiIntegration.spec.ts(24,35): error TS2307: Cannot find module '@/features/daily/components/DailyPhaseHintBanner' or its corresponding type declarations.
src/features/ops-dashboard/hooks/__tests__/useOpsMetrics.collectSuggestionActions.spec.ts(1,39): error TS2307: Cannot find module '@/features/daily/domain/suggestionAction' or its corresponding type declarations.
src/features/ops-dashboard/hooks/useOpsMetrics.ts(34,39): error TS2307: Cannot find module '@/features/daily/domain/suggestionAction' or its corresponding type declarations.
src/features/planning-sheet/hooks/useStrategyUsageCounts.ts(18,39): error TS2307: Cannot find module '@/features/daily/infra/behaviorRepositoryFactory' or its corresponding type declarations.
src/features/planning-sheet/hooks/useStrategyUsageTrend.ts(18,39): error TS2307: Cannot find module '@/features/daily/infra/behaviorRepositoryFactory' or its corresponding type declarations.
src/features/planning-sheet/planningToRecordBridge.ts(22,36): error TS2307: Cannot find module '@/features/daily/domain/ProcedureRepository' or its corresponding type declarations.
src/features/reports/achievement/useAchievementPDF.ts(1,42): error TS2307: Cannot find module '@/features/daily/repositoryFactory' or its corresponding type declarations.
src/features/reports/achievement/useAchievementPDF.ts(60,37): error TS7006: Parameter 'r' implicitly has an 'any' type.
src/features/reports/achievement/useAchievementPDF.ts(61,47): error TS7006: Parameter 'ur' implicitly has an 'any' type.
src/features/reports/dashboard/useSummaryDashboard.ts(1,42): error TS2307: Cannot find module '@/features/daily/repositoryFactory' or its corresponding type declarations.
src/features/reports/dashboard/useSummaryDashboard.ts(84,39): error TS7006: Parameter 'r' implicitly has an 'any' type.
src/features/reports/dashboard/useSummaryDashboard.ts(85,49): error TS7006: Parameter 'ur' implicitly has an 'any' type.
src/features/support-plan-guide/components/__tests__/AdoptionMetricsPanel.spec.tsx(11,38): error TS2307: Cannot find module '@/features/daily/domain/adoptionMetrics' or its corresponding type declarations.
src/features/support-plan-guide/components/__tests__/ISPCandidateImportSection.spec.ts(15,39): error TS2307: Cannot find module '@/features/daily/domain/suggestionAction' or its corresponding type declarations.
src/features/support-plan-guide/components/__tests__/ISPCandidateImportSection.spec.ts(20,8): error TS2307: Cannot find module '@/features/daily/domain/ispCandidateMapper' or its corresponding type declarations.
src/features/support-plan-guide/components/__tests__/ISPCandidateImportSection.spec.ts(137,9): error TS7006: Parameter 'c' implicitly has an 'any' type.
src/features/support-plan-guide/components/__tests__/ISPCandidateImportSection.spec.ts(147,9): error TS7006: Parameter 'c' implicitly has an 'any' type.
src/features/support-plan-guide/components/__tests__/ISPCandidateImportSection.spec.ts(174,9): error TS7006: Parameter 'c' implicitly has an 'any' type.
src/features/support-plan-guide/components/__tests__/useAcceptedSuggestionsForUser.spec.ts(19,38): error TS2307: Cannot find module '@/features/daily/domain/DailyRecordRepository' or its corresponding type declarations.
src/features/support-plan-guide/components/tabs/AdoptionMetricsPanel.tsx(29,34): error TS2307: Cannot find module '@/features/daily/domain/adoptionMetrics' or its corresponding type declarations.
src/features/support-plan-guide/components/tabs/AdoptionMetricsPanel.tsx(176,37): error TS7006: Parameter 'rule' implicitly has an 'any' type.
src/features/support-plan-guide/components/tabs/ISPCandidateImportSection.tsx(31,8): error TS2307: Cannot find module '@/features/daily/domain/ispCandidateMapper' or its corresponding type declarations.
src/features/support-plan-guide/components/tabs/ISPCandidateImportSection.tsx(71,7): error TS7006: Parameter 'c' implicitly has an 'any' type.
src/features/support-plan-guide/components/tabs/ISPCandidateImportSection.tsx(151,35): error TS7006: Parameter 'candidate' implicitly has an 'any' type.
src/features/support-plan-guide/hooks/useAcceptedSuggestionsForUser.ts(21,42): error TS2307: Cannot find module '@/features/daily/repositoryFactory' or its corresponding type declarations.
src/features/support-plan-guide/hooks/useAcceptedSuggestionsForUser.ts(22,39): error TS2307: Cannot find module '@/features/daily/domain/suggestionAction' or its corresponding type declarations.
src/features/support-plan-guide/hooks/useAcceptedSuggestionsForUser.ts(123,20): error TS7006: Parameter 'r' implicitly has an 'any' type.
src/features/support-plan-guide/hooks/useAcceptedSuggestionsForUser.ts(124,19): error TS7006: Parameter 'row' implicitly has an 'any' type.
src/features/support-plan-guide/hooks/useAcceptedSuggestionsForUser.ts(125,20): error TS7006: Parameter 'row' implicitly has an 'any' type.
src/features/support-plan-guide/hooks/useAcceptedSuggestionsForUser.ts(126,19): error TS7006: Parameter 'a' implicitly has an 'any' type.
src/features/support-plan-guide/hooks/useAcceptedSuggestionsForUser.ts(128,18): error TS7006: Parameter 'a' implicitly has an 'any' type.
src/features/support-plan-guide/hooks/useAcceptedSuggestionsForUser.ts(128,21): error TS7006: Parameter 'b' implicitly has an 'any' type.
src/features/support-plan-guide/hooks/useAdoptionMetrics.ts(17,42): error TS2307: Cannot find module '@/features/daily/repositoryFactory' or its corresponding type declarations.
src/features/support-plan-guide/hooks/useAdoptionMetrics.ts(18,39): error TS2307: Cannot find module '@/features/daily/domain/suggestionAction' or its corresponding type declarations.
src/features/support-plan-guide/hooks/useAdoptionMetrics.ts(22,8): error TS2307: Cannot find module '@/features/daily/domain/adoptionMetrics' or its corresponding type declarations.
src/features/support-plan-guide/hooks/useAdoptionMetrics.ts(79,20): error TS7006: Parameter 'r' implicitly has an 'any' type.
src/features/support-plan-guide/hooks/useAdoptionMetrics.ts(80,19): error TS7006: Parameter 'row' implicitly has an 'any' type.
src/features/support-plan-guide/hooks/useAdoptionMetrics.ts(81,20): error TS7006: Parameter 'row' implicitly has an 'any' type.
src/features/tag-analytics/components/TagAnalyticsSection.tsx(360,52): error TS2307: Cannot find module '@/features/daily/domain/behaviorTag' or its corresponding type declarations.
src/features/tag-analytics/domain/tagAnalytics.ts(11,103): error TS2307: Cannot find module '@/features/daily/domain/behaviorTag' or its corresponding type declarations.
src/features/tag-analytics/domain/tagTrendAlerts.ts(15,103): error TS2307: Cannot find module '@/features/daily/domain/behaviorTag' or its corresponding type declarations.
src/features/tag-analytics/hooks/useTagAnalytics.ts(17,8): error TS2307: Cannot find module '@/features/daily/infra/dailyTableRepository' or its corresponding type declarations.
src/features/timeline/__tests__/createTimelineDataFetcher.spec.ts(9,61): error TS2307: Cannot find module '@/features/daily/domain/DailyRecordRepository' or its corresponding type declarations.
src/features/timeline/createTimelineDataFetcher.ts(23,61): error TS2307: Cannot find module '@/features/daily/domain/DailyRecordRepository' or its corresponding type declarations.
src/features/timeline/createTimelineDataFetcher.ts(24,41): error TS2307: Cannot find module '@/features/daily/schema' or its corresponding type declarations.
src/features/timeline/createTimelineDataFetcher.ts(165,39): error TS7006: Parameter 'item' implicitly has an 'any' type.
src/features/today/hooks/useApprovalFlow.ts(11,42): error TS2307: Cannot find module '@/features/daily/repositoryFactory' or its corresponding type declarations.
src/features/today/hooks/useSupportRecordCompletion.ts(12,35): error TS2307: Cannot find module '@/features/daily/stores/executionStore' or its corresponding type declarations.
src/features/today/hooks/useSupportRecordCompletion.ts(13,35): error TS2307: Cannot find module '@/features/daily/stores/procedureStore' or its corresponding type declarations.
src/features/today/hooks/useSupportRecordCompletion.ts(110,30): error TS7006: Parameter 'r' implicitly has an 'any' type.
src/features/today/hooks/useUserAlerts.ts(18,39): error TS2307: Cannot find module '@/features/daily/infra/behaviorRepositoryFactory' or its corresponding type declarations.
src/features/today/records/QuickRecordFormEmbed.tsx(1,38): error TS2307: Cannot find module '@/features/daily/forms/TableDailyRecordForm' or its corresponding type declarations.
src/features/today/records/QuickRecordFormEmbed.tsx(2,43): error TS2307: Cannot find module '@/features/daily/hooks/useTableDailyRecordForm' or its corresponding type declarations.
src/features/today/records/QuickRecordFormEmbed.tsx(3,41): error TS2307: Cannot find module '@/features/daily/table/useTableDailyRecordSave' or its corresponding type declarations.
src/features/users/hooks/useUserHubDataSources.ts(14,42): error TS2307: Cannot find module '@/features/daily/repositoryFactory' or its corresponding type declarations.
src/features/users/hooks/useUserHubDataSources.ts(15,38): error TS2307: Cannot find module '@/features/daily/domain/DailyRecordRepository' or its corresponding type declarations.
src/features/users/hooks/useUserHubDataSources.ts(150,39): error TS7006: Parameter 'row' implicitly has an 'any' type.
src/features/users/hooks/useUserHubDataSources.ts(168,53): error TS7006: Parameter 'row' implicitly has an 'any' type.
src/features/users/UserDetailSections/TimelineSectionWrapper.tsx(27,42): error TS2307: Cannot find module '@/features/daily/repositoryFactory' or its corresponding type declarations.
src/features/users/UsersPanel/hooks/useUsersPanelExport.ts(9,42): error TS2307: Cannot find module '@/features/daily/repositoryFactory' or its corresponding type declarations.
src/lib/__tests__/dailyRecordLogic.test.ts(15,8): error TS2307: Cannot find module '@/features/daily/domain/dailyRecordLogic' or its corresponding type declarations.
src/lib/__tests__/dailyRecordLogic.test.ts(162,25): error TS7006: Parameter 'r' implicitly has an 'any' type.
src/lib/__tests__/dailyRecordLogic.test.ts(400,25): error TS7006: Parameter 'r' implicitly has an 'any' type.
src/lib/__tests__/dailyRecordLogic.test.ts(441,27): error TS7006: Parameter 'r' implicitly has an 'any' type.
src/lib/__tests__/dailyRecordLogic.test.ts(470,27): error TS7006: Parameter 'r' implicitly has an 'any' type.
src/pages/admin/DataIntegrityPage.tsx(25,49): error TS2307: Cannot find module '@/features/daily/schema' or its corresponding type declarations.
src/pages/AnalysisDashboardPage.tsx(8,34): error TS2307: Cannot find module '@/features/daily/hooks/useExecutionData' or its corresponding type declarations.
src/pages/AnalysisDashboardPage.tsx(9,53): error TS2307: Cannot find module '@/features/daily/stores/behaviorStore' or its corresponding type declarations.
src/pages/AnalysisDashboardPage.tsx(10,35): error TS2307: Cannot find module '@/features/daily/stores/procedureStore' or its corresponding type declarations.
src/pages/AnalysisDashboardPage.tsx(93,39): error TS7006: Parameter 'r' implicitly has an 'any' type.
src/pages/AnalysisDashboardPage.tsx(94,39): error TS7006: Parameter 'r' implicitly has an 'any' type.
src/pages/AnalysisDashboardPage.tsx(95,37): error TS7006: Parameter 'r' implicitly has an 'any' type.
src/pages/AttendanceRecordPage.tsx(5,43): error TS2307: Cannot find module '@/features/daily/components/FullScreenDailyDialogPage' or its corresponding type declarations.
src/pages/DailyRecordPage.tsx(16,43): error TS2307: Cannot find module '@/features/daily/hooks/useDailyRecordContextData' or its corresponding type declarations.
src/pages/DailyRecordPage.tsx(19,32): error TS2307: Cannot find module '@/features/daily/components/NextRecordHero' or its corresponding type declarations.
src/pages/DailyRecordPage.tsx(20,35): error TS2307: Cannot find module '@/features/daily/components/RecordActionQueue' or its corresponding type declarations.
src/pages/DailyRecordPage.tsx(21,38): error TS2307: Cannot find module '@/features/daily/components/HandoffSummaryBanner' or its corresponding type declarations.
src/pages/DailyRecordPage.tsx(22,40): error TS2307: Cannot find module '@/features/daily/hooks/useTodayAttendanceInfo' or its corresponding type declarations.
src/pages/TimeBasedSupportRecordPage.tsx(4,43): error TS2307: Cannot find module '@/features/daily/components/FullScreenDailyDialogPage' or its corresponding type declarations.
src/pages/TimeBasedSupportRecordPage.tsx(5,37): error TS2307: Cannot find module '@/features/daily/components/MonitoringCountdown' or its corresponding type declarations.
src/pages/TimeBasedSupportRecordPage.tsx(11,33): error TS2307: Cannot find module '@/features/daily/hooks/useBehaviorData' or its corresponding type declarations.
src/pages/TimeBasedSupportRecordPage.tsx(12,43): error TS2307: Cannot find module '@/features/daily/hooks/useDailySupportUserFilter' or its corresponding type declarations.
src/pages/TimeBasedSupportRecordPage.tsx(13,34): error TS2307: Cannot find module '@/features/daily/hooks/useExecutionData' or its corresponding type declarations.
src/pages/TimeBasedSupportRecordPage.tsx(14,34): error TS2307: Cannot find module '@/features/daily/hooks/useProcedureData' or its corresponding type declarations.
src/pages/TimeBasedSupportRecordPage.tsx(15,34): error TS2307: Cannot find module '@/features/daily/hooks/useSupportWizard' or its corresponding type declarations.
src/pages/TimeBasedSupportRecordPage.tsx(16,36): error TS2307: Cannot find module '@/features/daily/stores/procedureStore' or its corresponding type declarations.
src/pages/TimeBasedSupportRecordPage.tsx(302,39): error TS7006: Parameter 'label' implicitly has an 'any' type.
tests/rtl/daily.table-route.test.tsx(6,34): error TS2307: Cannot find module '@/features/daily/table/TableDailyRecordPage' or its corresponding type declarations.
tests/unit/daily/daily.no-direct-sp.spec.ts(20,8): error TS2307: Cannot find module '@/features/daily/repositoryFactory' or its corresponding type declarations.
tests/unit/daily/daily.repositoryFactory.spec.ts(65,47): error TS2307: Cannot find module '@/features/daily/infra/InMemoryDailyRecordRepository' or its corresponding type declarations.
tests/unit/daily/daily.repositoryFactory.spec.ts(70,8): error TS2307: Cannot find module '@/features/daily/repositoryFactory' or its corresponding type declarations.
tests/unit/DailyTableSupportHint.spec.tsx(1,39): error TS2307: Cannot find module '@/features/daily/components/TableDailyRecordTable' or its corresponding type declarations.
tests/unit/DailyTableSupportHint.spec.tsx(2,34): error TS2307: Cannot find module '@/features/daily/hooks/useTableDailyRecordForm' or its corresponding type declarations.
tests/unit/features/daily/DailyPhaseHintBanner.spec.tsx(13,8): error TS2307: Cannot find module '@/features/daily/components/DailyPhaseHintBanner' or its corresponding type declarations.
tests/unit/infra/SharePointBehaviorRepository.planSlotKey.spec.ts(1,46): error TS2307: Cannot find module '@/features/daily/infra/SharePointBehaviorRepository' or its corresponding type declarations.
tests/unit/infra/SharePointBehaviorRepository.prevent-500.spec.ts(1,46): error TS2307: Cannot find module '@/features/daily/infra/SharePointBehaviorRepository' or its corresponding type declarations.
tests/unit/repositoryFactory.spec.ts(79,8): error TS2307: Cannot find module '@/features/daily/repositoryFactory' or its corresponding type declarations.
tests/unit/timeBasedSupport.planSlotKey.spec.ts(2,32): error TS2307: Cannot find module '@/features/daily/domain/getScheduleKey' or its corresponding type declarations.
